Fri May 29 05:05:41 UTC 2026 - Daily Update
Fri May 29 05:16:43 UTC 2026 - Daily Update
Fri May 29 13:37:17 UTC 2026 - Daily Update
Fri May 29 16:38:22 UTC 2026 - Daily Update
Sat May 30 06:26:08 UTC 2026 - Daily Update
Sat May 30 14:24:55 UTC 2026 - Daily Update
Sun May 31 06:59:57 UTC 2026 - Daily Update
Sun May 31 14:26:43 UTC 2026 - Daily Update
Mon Jun  1 08:37:41 UTC 2026 - Daily Update
Mon Jun  1 18:34:19 UTC 2026 - Daily Update
Tue Jun  2 07:26:57 UTC 2026 - Daily Update
Tue Jun  2 17:15:55 UTC 2026 - Daily Update
Wed Jun  3 08:21:44 UTC 2026 - Daily Update
Wed Jun  3 17:57:41 UTC 2026 - Daily Update
Thu Jun  4 07:26:39 UTC 2026 - Daily Update
Thu Jun  4 16:17:47 UTC 2026 - Daily Update
Fri Jun  5 07:11:57 UTC 2026 - Daily Update
Fri Jun  5 15:49:17 UTC 2026 - Daily Update
Sat Jun  6 06:32:30 UTC 2026 - Daily Update
Sat Jun  6 14:25:36 UTC 2026 - Daily Update
Sun Jun  7 07:07:41 UTC 2026 - Daily Update
Sun Jun  7 14:48:07 UTC 2026 - Daily Update
Mon Jun  8 08:13:10 UTC 2026 - Daily Update
Mon Jun  8 16:44:36 UTC 2026 - Daily Update
Tue Jun  9 06:52:37 UTC 2026 - Daily Update
Tue Jun  9 15:50:24 UTC 2026 - Daily Update
Wed Jun 10 07:11:40 UTC 2026 - Daily Update
Wed Jun 10 16:30:32 UTC 2026 - Daily Update
Thu Jun 11 08:06:43 UTC 2026 - Daily Update
Thu Jun 11 16:45:19 UTC 2026 - Daily Update
Fri Jun 12 07:25:16 UTC 2026 - Daily Update
Fri Jun 12 16:12:52 UTC 2026 - Daily Update
Sat Jun 13 07:00:38 UTC 2026 - Daily Update
Sat Jun 13 14:56:31 UTC 2026 - Daily Update
Sun Jun 14 07:25:07 UTC 2026 - Daily Update
Sun Jun 14 15:05:36 UTC 2026 - Daily Update
Mon Jun 15 09:26:12 UTC 2026 - Daily Update
Mon Jun 15 17:58:46 UTC 2026 - Daily Update
Tue Jun 16 08:48:44 UTC 2026 - Daily Update
Tue Jun 16 18:01:18 UTC 2026 - Daily Update
Wed Jun 17 08:30:36 UTC 2026 - Daily Update
Wed Jun 17 16:33:48 UTC 2026 - Daily Update
Thu Jun 18 08:10:50 UTC 2026 - Daily Update
Thu Jun 18 16:22:27 UTC 2026 - Daily Update
Fri Jun 19 08:34:01 UTC 2026 - Daily Update
Fri Jun 19 15:57:33 UTC 2026 - Daily Update
Sat Jun 20 07:02:52 UTC 2026 - Daily Update
